<?xml version="1.0" encoding="UTF-8"?>
<!-- Generated by org.testng.reporters.JUnitReportReporter -->
<testsuite hostname="NT186S" failures="0" tests="1" name="com.ProyectoDemo.PruebaEjemplo" time="7.648" errors="0" timestamp="2019-10-17T12:47:02 CLST" skipped="0">
  <testcase classname="com.ProyectoDemo.PruebaEjemplo" name="PruebaZalenium" time="7.648"/>
</testsuite> <!-- com.ProyectoDemo.PruebaEjemplo -->
